<?xml version="1.0" encoding="UTF-8"?>
<!-- Generated by org.testng.reporters.JUnitReportReporter -->
<testsuite hostname="Lenovo-PC" failures="0" tests="1" name="GitProject.GitProject.AppTest" time="24.235" errors="0" timestamp="2022-04-14T00:35:15 IST" skipped="0">
  <testcase classname="GitProject.GitProject.AppTest" name="launchbrowser" time="24.235"/>
  <system-out/>
</testsuite> <!-- GitProject.GitProject.AppTest -->
