<?xml version="1.0" encoding="UTF-8"?>
<!-- Generated by org.testng.reporters.JUnitReportReporter -->
<testsuite hostname="Lenovo-PC" failures="0" tests="1" name="GitProject.GitProject.AppTest" time="49.798" errors="0" timestamp="2022-04-14T22:25:53 IST" skipped="0">
  <testcase classname="GitProject.GitProject.AppTest" name="launchbrowser" time="49.798"/>
  <system-out/>
</testsuite> <!-- GitProject.GitProject.AppTest -->
