<?xml version="1.0" encoding="UTF-8"?>
<!-- Generated by org.testng.reporters.JUnitReportReporter -->
<testsuite hostname="Lenovo-PC" failures="0" tests="1" name="GitProject.GitProject.AppTest" time="69.913" errors="0" timestamp="2022-04-15T00:04:05 IST" skipped="0">
  <testcase classname="GitProject.GitProject.AppTest" name="launchbrowser" time="69.913"/>
  <system-out/>
</testsuite> <!-- GitProject.GitProject.AppTest -->
